Window: Provider: sdl2
GL: Using the "OpenGL" graphics system
GL: GLEW initialization succeeded
GL: Backend used <glew>
GL: OpenGL version <b'4.6.0 - Build 27.20.100.9415'>
GL: OpenGL vendor <b'Intel'>
GL: OpenGL renderer <b'Intel(R) Iris(R) Xe Graphics'>
GL: OpenGL parsed version: 4, 6
GL: Shading version <b'4.60 - Build 27.20.100.9415'>
GL: Texture max size <16384>
GL: Texture max units <32>
Window: auto add sdl2 input provider
Window: virtual keyboard not allowed, single mode, not docked
GL: NPOT texture support is available
Base: Start application main loop
include : 
include : ABCDEFGHIJKLMNOPQRSTUVWXYZabcdefghijklmnopqrstuvwxyz0123456789!"#$%&'()*+,-./:;<=>?@[\]^_`{|}~
exclude : 
pswd candidates : ABCDEFGHIJKLMNOPQRSTUVWXYZabcdefghijklmnopqrstuvwxyz0123456789!"#$%&'()*+,-./:;<=>?@[\]^_`{|}~
include : ABCDEFGHIJKLMNOPQRSTUVWXYZabcdefghijklmnopqrstuvwxyz0123456789!"#$%&'()*+,-./:;<=>?@[\]^_`{|}~
exclude : 
pswd candidates : ABCDEFGHIJKLMNOPQRSTUVWXYZabcdefghijklmnopqrstuvwxyz0123456789!"#$%&'()*+,-./:;<=>?@[\]^_`{|}~
include : ABCDEFGHIJKLMNOPQRSTUVWXYZabcdefghijklmnopqrstuvwxyz0123456789!"#$%&'()*+,-./:;<=>?@[\]^_`{|}~
exclude : 
pswd candidates : ABCDEFGHIJKLMNOPQRSTUVWXYZabcdefghijklmnopqrstuvwxyz0123456789!"#$%&'()*+,-./:;<=>?@[\]^_`{|}~
include : ABCDEFGHIJKLMNOPQRSTUVWXYZabcdefghijklmnopqrstuvwxyz0123456789!"#$%&'()*+,-./:;<=>?@[\]^_`{|}~
exclude : 
pswd candidates : ABCDEFGHIJKLMNOPQRSTUVWXYZabcdefghijklmnopqrstuvwxyz0123456789!"#$%&'()*+,-./:;<=>?@[\]^_`{|}~
include : ABCDEFGHIJKLMNOPQRSTUVWXYZabcdefghijklmnopqrstuvwxyz0123456789!"#$%&'()*+,-./:;<=>?@[\]^_`{|}~
exclude : 
pswd candidates : ABCDEFGHIJKLMNOPQRSTUVWXYZabcdefghijklmnopqrstuvwxyz0123456789!"#$%&'()*+,-./:;<=>?@[\]^_`{|}~
include : ABCDEFGHIJKLMNOPQRSTUVWXYZabcdefghijklmnopqrstuvwxyz0123456789!"#$%&'()*+,-./:;<=>?@[\]^_`{|}~
exclude : 
pswd candidates : ABCDEFGHIJKLMNOPQRSTUVWXYZabcdefghijklmnopqrstuvwxyz0123456789!"#$%&'()*+,-./:;<=>?@[\]^_`{|}~
include : ABCDEFGHIJKLMNOPQRSTUVWXYZabcdefghijklmnopqrstuvwxyz0123456789!"#$%&'()*+,-./:;<=>?@[\]^_`{|}~
exclude : 
pswd candidates : ABCDEFGHIJKLMNOPQRSTUVWXYZabcdefghijklmnopqrstuvwxyz0123456789!"#$%&'()*+,-./:;<=>?@[\]^_`{|}~
include : ABCDEFGHIJKLMNOPQRSTUVWXYZabcdefghijklmnopqrstuvwxyz0123456789!"#$%&'()*+,-./:;<=>?@[\]^_`{|}~
exclude : 			
Base: Leaving application in progress...

Window: Provider: sdl2
GL: Using the "OpenGL" graphics system
GL: GLEW initialization succeeded
GL: Backend used <glew>
GL: OpenGL version <b'4.6.0 - Build 27.20.100.9415'>
GL: OpenGL vendor <b'Intel'>
GL: OpenGL renderer <b'Intel(R) Iris(R) Xe Graphics'>
GL: OpenGL parsed version: 4, 6
GL: Shading version <b'4.60 - Build 27.20.100.9415'>
GL: Texture max size <16384>
GL: Texture max units <32>
Window: auto add sdl2 input provider
Window: virtual keyboard not allowed, single mode, not docked
GL: NPOT texture support is available
Base: Start application main loop
include : ABCDEFGHIJKLMNOPQRSTUVWXYZabcdefghijklmnopqrstuvwxyz0123456789!"#$%&'()*+,-./:;<=>?@[\]^_`{|}~
exclude : Insert characters you wanna exclude
pswd candidates : ABCDEFGHIJKLMNOPQRSTUVWXYZabcdefghijklmnopqrstuvwxyz0123456789!"#$%&'()*+,-./:;<=>?@[\]^_`{|}~
include : ABCDEFGHIJKLMNOPQRSTUVWXYZabcdefghijklmnopqrstuvwxyz0123456789!"#$%&'()*+,-./:;<=>?@[\]^_`{|}~
exclude : +-
pswd candidates : ABCDEFGHIJKLMNOPQRSTUVWXYZabcdefghijklmnopqrstuvwxyz0123456789!"#$%&'()*+,-./:;<=>?@[\]^_`{|}~
include : ABCDEFGHIJKLMNOPQRSTUVWXYZabcdefghijklmnopqrstuvwxyz0123456789!"#$%&'()*+,-./:;<=>?@[\]^_`{|}~
exclude : +-
pswd candidates : ABCDEFGHIJKLMNOPQRSTUVWXYZabcdefghijklmnopqrstuvwxyz0123456789!"#$%&'()*+,-./:;<=>?@[\]^_`{|}~
Base: Leaving application in progress...

Window: Provider: sdl2
GL: Using the "OpenGL" graphics system
GL: GLEW initialization succeeded
GL: Backend used <glew>
GL: OpenGL version <b'4.6.0 - Build 27.20.100.9415'>
GL: OpenGL vendor <b'Intel'>
GL: OpenGL renderer <b'Intel(R) Iris(R) Xe Graphics'>
GL: OpenGL parsed version: 4, 6
GL: Shading version <b'4.60 - Build 27.20.100.9415'>
GL: Texture max size <16384>
GL: Texture max units <32>
Window: auto add sdl2 input provider
Window: virtual keyboard not allowed, single mode, not docked
GL: NPOT texture support is available
Base: Start application main loop
include : 
include : ABCDEFGHIJKLMNOPQRSTUVWXYZabcdefghijklmnopqrstuvwxyz0123456789!"#$%&'()*+,-./:;<=>?@[\]^_`{|}~
exclude : +-
pswd candidates : ABCDEFGHIJKLMNOPQRSTUVWXYZabcdefghijklmnopqrstuvwxyz0123456789!"#$%&'()*+,-./:;<=>?@[\]^_`{|}~
Base: Leaving application in progress...

Window: Provider: sdl2
GL: Using the "OpenGL" graphics system
GL: GLEW initialization succeeded
GL: Backend used <glew>
GL: OpenGL version <b'4.6.0 - Build 27.20.100.9415'>
GL: OpenGL vendor <b'Intel'>
GL: OpenGL renderer <b'Intel(R) Iris(R) Xe Graphics'>
GL: OpenGL parsed version: 4, 6
GL: Shading version <b'4.60 - Build 27.20.100.9415'>
GL: Texture max size <16384>
GL: Texture max units <32>
Window: auto add sdl2 input provider
Window: virtual keyboard not allowed, single mode, not docked
GL: NPOT texture support is available
Base: Start application main loop
include : ABCDEFGHIJKLMNOPQRSTUVWXYZabcdefghijklmnopqrstuvwxyz0123456789!"#$%&'()*+,-./:;<=>?@[\]^_`{|}~
exclude : +-
pswd candidates : ABCDEFGHIJKLMNOPQRSTUVWXYZabcdefghijklmnopqrstuvwxyz0123456789!"#$%&'()*+,-./:;<=>?@[\]^_`{|}~
include : ABCDEFGHIJKLMNOPQRSTUVWXYZabcdefghijklmnopqrstuvwxyz0123456789!"#$%&'()*+,-./:;<=>?@[\]^_`{|}~
exclude : +-
pswd candidates : ABCDEFGHIJKLMNOPQRSTUVWXYZabcdefghijklmnopqrstuvwxyz0123456789!"#$%&'()*+,-./:;<=>?@[\]^_`{|}~
include : ABCDEFGHIJKLMNOPQRSTUVWXYZabcdefghijklmnopqrstuvwxyz0123456789!"#$%&'()*+,-./:;<=>?@[\]^_`{|}~
exclude : +-
pswd candidates : ABCDEFGHIJKLMNOPQRSTUVWXYZabcdefghijklmnopqrstuvwxyz0123456789!"#$%&'()*+,-./:;<=>?@[\]^_`{|}~
include : ABCDEFGHIJKLMNOPQRSTUVWXYZabcdefghijklmnopqrstuvwxyz0123456789!"#$%&'()*+,-./:;<=>?@[\]^_`{|}~
exclude : +-
pswd candidates : ABCDEFGHIJKLMNOPQRSTUVWXYZabcdefghijklmnopqrstuvwxyz0123456789!"#$%&'()*+,-./:;<=>?@[\]^_`{|}~
include : ABCDEFGHIJKLMNOPQRSTUVWXYZabcdefghijklmnopqrstuvwxyz0123456789!"#$%&'()*+,-./:;<=>?@[\]^_`{|}~
exclude : +-
pswd candidates : ABCDEFGHIJKLMNOPQRSTUVWXYZabcdefghijklmnopqrstuvwxyz0123456789!"#$%&'()*+,-./:;<=>?@[\]^_`{|}~
include : ABCDEFGHIJKLMNOPQRSTUVWXYZabcdefghijklmnopqrstuvwxyz0123456789!"#$%&'()*+,-./:;<=>?@[\]^_`{|}~
exclude : +-
pswd candidates : ABCDEFGHIJKLMNOPQRSTUVWXYZabcdefghijklmnopqrstuvwxyz0123456789!"#$%&'()*+,-./:;<=>?@[\]^_`{|}~
include : ABCDEFGHIJKLMNOPQRSTUVWXYZabcdefghijklmnopqrstuvwxyz0123456789!"#$%&'()*+,-./:;<=>?@[\]^_`{|}~
exclude : +-
pswd candidates : ABCDEFGHIJKLMNOPQRSTUVWXYZabcdefghijklmnopqrstuvwxyz0123456789!"#$%&'()*+,-./:;<=>?@[\]^_`{|}~
include : ABCDEFGHIJKLMNOPQRSTUVWXYZabcdefghijklmnopqrstuvwxyz0123456789!"#$%&'()*+,-./:;<=>?@[\]^_`{|}~
exclude : +-
pswd candidates : ABCDEFGHIJKLMNOPQRSTUVWXYZabcdefghijklmnopqrstuvwxyz0123456789!"#$%&'()*+,-./:;<=>?@[\]^_`{|}~
include : ABCDEFGHIJKLMNOPQRSTUVWXYZabcdefghijklmnopqrstuvwxyz0123456789!"#$%&'()*+,-./:;<=>?@[\]^_`{|}~
exclude : +-
pswd candidates : ABCDEFGHIJKLMNOPQRSTUVWXYZabcdefghijklmnopqrstuvwxyz0123456789!"#$%&'()*+,-./:;<=>?@[\]^_`{|}~
include : ABCDEFGHIJKLMNOPQRSTUVWXYZabcdefghijklmnopqrstuvwxyz0123456789!"#$%&'()*+,-./:;<=>?@[\]^_`{|}~
exclude : +-
pswd candidates : ABCDEFGHIJKLMNOPQRSTUVWXYZabcdefghijklmnopqrstuvwxyz0123456789!"#$%&'()*+,-./:;<=>?@[\]^_`{|}~
include : ABCDEFGHIJKLMNOPQRSTUVWXYZabcdefghijklmnopqrstuvwxyz0123456789!"#$%&'()*+,-./:;<=>?@[\]^_`{|}~
exclude : +-
pswd candidates : ABCDEFGHIJKLMNOPQRSTUVWXYZabcdefghijklmnopqrstuvwxyz0123456789!"#$%&'()*+,-./:;<=>?@[\]^_`{|}~
include : ABCDEFGHIJKLMNOPQRSTUVWXYZabcdefghijklmnopqrstuvwxyz0123456789!"#$%&'()*+,-./:;<=>?@[\]^_`{|}~
exclude : +-
pswd candidates : ABCDEFGHIJKLMNOPQRSTUVWXYZabcdefghijklmnopqrstuvwxyz0123456789!"#$%&'()*+,-./:;<=>?@[\]^_`{|}~
include : ABCDEFGHIJKLMNOPQRSTUVWXYZabcdefghijklmnopqrstuvwxyz0123456789!"#$%&'()*+,-./:;<=>?@[\]^_`{|}~
exclude : +-
pswd candidates : ABCDEFGHIJKLMNOPQRSTUVWXYZabcdefghijklmnopqrstuvwxyz0123456789!"#$%&'()*+,-./:;<=>?@[\]^_`{|}~
include : ABCDEFGHIJKLMNOPQRSTUVWXYZabcdefghijklmnopqrstuvwxyz0123456789!"#$%&'()*+,-./:;<=>?@[\]^_`{|}~
exclude : +-
pswd candidates : ABCDEFGHIJKLMNOPQRSTUVWXYZabcdefghijklmnopqrstuvwxyz0123456789!"#$%&'()*+,-./:;<=>?@[\]^_`{|}~
include : ABCDEFGHIJKLMNOPQRSTUVWXYZabcdefghijklmnopqrstuvwxyz0123456789!"#$%&'()*+,-./:;<=>?@[\]^_`{|}~
exclude : +-
pswd candidates : ABCDEFGHIJKLMNOPQRSTUVWXYZabcdefghijklmnopqrstuvwxyz0123456789!"#$%&'()*+,-./:;<=>?@[\]^_`{|}~
Base: Leaving application in progress...

